#
# A fatal error has been detected by the Java Runtime Environment:
#
#  EXCEPTION_ACCESS_VIOLATION (0xc0000005) at pc=0x617493cd, pid=10500, tid=0x00000e4c
#
# JRE version: Java(TM) SE Runtime Environment (8.0_92-b14) (build 1.8.0_92-b14)
# Java VM: Java HotSpot(TM) Client VM (25.92-b14 mixed mode windows-x86 )
# Problematic frame:
# C  [listSerialsj.dll+0x93cd]
#
# Failed to write core dump. Minidumps are not enabled by default on client versions of Windows
#
# If you would like to submit a bug report, please visit:
#   http://bugreport.java.com/bugreport/crash.jsp
# The crash happened outside the Java Virtual Machine in native code.
# See problematic frame for where to report the bug.
#

---------------  T H R E A D  ---------------

Current thread (0x263b4c00):  JavaThread "cc.arduino.packages.discoverers.serial.SerialBoardsLister" [_thread_in_native, id=3660, stack(0x26040000,0x26090000)]

siginfo: ExceptionCode=0xc0000005, writing address 0x00000000

Registers:
EAX=0x00000000, EBX=0x000007d8, ECX=0x00000000, EDX=0x00000001
ESP=0x2608e900, EBP=0x2608ed58, ESI=0x00000001, EDI=0x0068fb88
EIP=0x617493cd, EFLAGS=0x00010246

Top of Stack: (sp=0x2608e900)
0x2608e900:   009edec0 0000002e 00000002 00000000
0x2608e910:   00000003 00000000 00000000 00000000
0x2608e920:   6174da5d 6174dc59 0000006c 7682a540
0x2608e930:   009ee088 00000000 0068f700 000000bd
0x2608e940:   2608e9a4 25781c40 00000010 00000002
0x2608e950:   00000001 0000006c 00000050 0000008c
0x2608e960:   008cef70 00000000 314d4f43 00000030
0x2608e970:   00425355 00000072 00000000 0000008c 

Instructions: (pc=0x617493cd)
0x617493ad:   8b 45 08 8b 90 94 00 00 00 85 d2 74 16 8b 40 2c
0x617493bd:   c7 44 24 04 2e 00 00 00 89 04 24 e8 73 14 00 00
0x617493cd:   c6 00 00 8d 85 04 fc ff ff 89 44 24 18 8d 85 0a
0x617493dd:   fc ff ff 89 44 24 10 a1 e4 01 75 61 c7 85 04 fc 


Register to memory mapping:

EAX=0x00000000 is an unknown value
EBX=0x000007d8 is an unknown value
ECX=0x00000000 is an unknown value
EDX=0x00000001 is an unknown value
ESP=0x2608e900 is pointing into the stack for thread: 0x263b4c00
EBP=0x2608ed58 is pointing into the stack for thread: 0x263b4c00
ESI=0x00000001 is an unknown value
EDI=0x0068fb88 is an unknown value


Stack: [0x26040000,0x26090000],  sp=0x2608e900,  free space=314k
Native frames: (J=compiled Java code, j=interpreted, Vv=VM code, C=native code)
C  [listSerialsj.dll+0x93cd]
C  [listSerialsj.dll+0x2211]

Java frames: (J=compiled Java code, j=interpreted, Vv=VM code)
j  processing.app.Platform.listSerialsNative()[Ljava/lang/String;+0
J 2342 C1 cc.arduino.packages.discoverers.serial.SerialBoardsLister.retriggerDiscovery(Z)V (751 bytes) @ 0x02b12c24 [0x02b12ad0+0x154]
j  cc.arduino.packages.discoverers.serial.SerialBoardsLister.run()V+9
j  java.util.TimerThread.mainLoop()V+221
j  java.util.TimerThread.run()V+1
v  ~StubRoutines::call_stub

---------------  P R O C E S S  ---------------

Java Threads: ( => current thread )
  0x26778c00 JavaThread "DestroyJavaVM" [_thread_blocked, id=6280, stack(0x025f0000,0x02640000)]
  0x264cc000 JavaThread "TimerQueue" daemon [_thread_blocked, id=10624, stack(0x28ba0000,0x28bf0000)]
  0x264c8c00 JavaThread "Batik CleanerThread" daemon [_thread_blocked, id=8280, stack(0x27a60000,0x27ab0000)]
  0x264cc400 JavaThread "AWT-EventQueue-0" [_thread_blocked, id=8692, stack(0x27770000,0x277c0000)]
  0x264c9400 JavaThread "AWT-Shutdown" [_thread_blocked, id=4256, stack(0x276e0000,0x27730000)]
  0x264cb800 JavaThread "JmDNS(fe80:0:0:0:5bd:bd37:1955:3374%wlan1.local.).Timer" daemon [_thread_blocked, id=8980, stack(0x27650000,0x276a0000)]
  0x264ca400 JavaThread "JmDNS(fe80:0:0:0:5bd:bd37:1955:3374%wlan1.local.).State.Timer" [_thread_blocked, id=10424, stack(0x275c0000,0x27610000)]
  0x264cb400 JavaThread "JmDNS(fe80:0:0:0:5bd:bd37:1955:3374%wlan1.local.).Timer" daemon [_thread_blocked, id=3668, stack(0x27530000,0x27580000)]
  0x264cac00 JavaThread "SocketListener(fe80:0:0:0:5bd:bd37:1955:3374%wlan1.local.)" daemon [_thread_in_native, id=6852, stack(0x274a0000,0x274f0000)]
  0x264a1800 JavaThread "JmDNS(101-5-116-242.local.).Timer" daemon [_thread_blocked, id=6900, stack(0x27410000,0x27460000)]
  0x264a1000 JavaThread "JmDNS(101-5-116-242.local.).State.Timer" [_thread_blocked, id=8012, stack(0x27380000,0x273d0000)]
  0x26494800 JavaThread "JmDNS(101-5-116-242.local.).Timer" daemon [_thread_blocked, id=10776, stack(0x272f0000,0x27340000)]
  0x26494400 JavaThread "SocketListener(101-5-116-242.local.)" daemon [_thread_in_native, id=6780, stack(0x25b40000,0x25b90000)]
  0x263b5c00 JavaThread "cc.arduino.packages.discoverers.network.BoardReachabilityFilter" [_thread_blocked, id=9600, stack(0x26f20000,0x26f70000)]
  0x263b5400 JavaThread "cc.arduino.packages.discoverers.network.NetworkChecker" [_thread_blocked, id=8992, stack(0x26e90000,0x26ee0000)]
=>0x263b4c00 JavaThread "cc.arduino.packages.discoverers.serial.SerialBoardsLister" [_thread_in_native, id=3660, stack(0x26040000,0x26090000)]
  0x25781000 JavaThread "AWT-Windows" daemon [_thread_in_native, id=11148, stack(0x25bd0000,0x25c20000)]
  0x25794800 JavaThread "Java2D Disposer" daemon [_thread_blocked, id=7996, stack(0x25ab0000,0x25b00000)]
  0x25176c00 JavaThread "Service Thread" daemon [_thread_blocked, id=6800, stack(0x25530000,0x25580000)]
  0x2516ec00 JavaThread "C1 CompilerThread0" daemon [_thread_blocked, id=1592, stack(0x254a0000,0x254f0000)]
  0x2516a800 JavaThread "Attach Listener" daemon [_thread_blocked, id=8636, stack(0x25410000,0x25460000)]
  0x25169c00 JavaThread "Signal Dispatcher" daemon [_thread_blocked, id=11044, stack(0x25380000,0x253d0000)]
  0x2515a000 JavaThread "Finalizer" daemon [_thread_blocked, id=5724, stack(0x24fc0000,0x25010000)]
  0x25144400 JavaThread "Reference Handler" daemon [_thread_blocked, id=9412, stack(0x24f30000,0x24f80000)]

Other Threads:
  0x0253d800 VMThread [stack: 0x24ea0000,0x24ef0000] [id=10952]
  0x25226800 WatcherThread [stack: 0x255c0000,0x25610000] [id=8868]

VM state:not at safepoint (normal execution)

VM Mutex/Monitor currently owned by a thread: None

Heap:
 def new generation   total 39424K, used 1332K [0x04800000, 0x072c0000, 0x0f2a0000)
  eden space 35072K,   2% used [0x04800000, 0x048b08d0, 0x06a40000)
  from space 4352K,  14% used [0x06e80000, 0x06f1cb20, 0x072c0000)
  to   space 4352K,   0% used [0x06a40000, 0x06a40000, 0x06e80000)
 tenured generation   total 87424K, used 25653K [0x0f2a0000, 0x14800000, 0x24800000)
   the space 87424K,  29% used [0x0f2a0000, 0x10bad540, 0x10bad600, 0x14800000)
 Metaspace       used 18452K, capacity 18919K, committed 19072K, reserved 19840K

Card table byte_map: [0x24800000,0x24910000] byte_map_base: 0x247dc000

Polling page: 0x00c40000

CodeCache: size=32768Kb used=4134Kb max_used=4134Kb free=28633Kb
 bounds [0x02710000, 0x02b20000, 0x04710000]
 total_blobs=2596 nmethods=2318 adapters=206
 compilation: enabled

Compilation events (10 events):
Event: 1457.283 Thread 0x2516ec00 2345             javax.jmdns.impl.JmDNSImpl::getGroup (5 bytes)
Event: 1457.283 Thread 0x2516ec00 nmethod 2345 0x02b17048 code [0x02b17140, 0x02b171c0]
Event: 1472.634 Thread 0x2516ec00 2346             java.util.ArrayList$Itr::<init> (6 bytes)
Event: 1472.634 Thread 0x2516ec00 nmethod 2346 0x02b17208 code [0x02b17300, 0x02b173a0]
Event: 1472.634 Thread 0x2516ec00 2347             java.util.ArrayList$Itr::<init> (26 bytes)
Event: 1472.634 Thread 0x2516ec00 nmethod 2347 0x02b17448 code [0x02b17540, 0x02b175e0]
Event: 1496.648 Thread 0x2516ec00 2348             java.lang.String::toUpperCase (8 bytes)
Event: 1496.648 Thread 0x2516ec00 nmethod 2348 0x02b17648 code [0x02b17750, 0x02b177ec]
Event: 1497.643 Thread 0x2516ec00 2349  s          processing.app.Platform::resolveDeviceByVendorIdProductId (360 bytes)
Event: 1497.644 Thread 0x2516ec00 nmethod 2349 0x02b17848 code [0x02b17bd0, 0x02b188d4]

GC Heap History (10 events):
Event: 674.059 GC heap before
{Heap before GC invocations=7 (full 1):
 def new generation   total 39424K, used 35531K [0x04800000, 0x072c0000, 0x0f2a0000)
  eden space 35072K, 100% used [0x04800000, 0x06a40000, 0x06a40000)
  from space 4352K,  10% used [0x06a40000, 0x06ab2d88, 0x06e80000)
  to   space 4352K,   0% used [0x06e80000, 0x06e80000, 0x072c0000)
 tenured generation   total 87424K, used 25653K [0x0f2a0000, 0x14800000, 0x24800000)
   the space 87424K,  29% used [0x0f2a0000, 0x10bad540, 0x10bad600, 0x14800000)
 Metaspace       used 18452K, capacity 18919K, committed 19072K, reserved 19840K
Event: 674.063 GC heap after
Heap after GC invocations=8 (full 1):
 def new generation   total 39424K, used 619K [0x04800000, 0x072c0000, 0x0f2a0000)
  eden space 35072K,   0% used [0x04800000, 0x04800000, 0x06a40000)
  from space 4352K,  14% used [0x06e80000, 0x06f1af80, 0x072c0000)
  to   space 4352K,   0% used [0x06a40000, 0x06a40000, 0x06e80000)
 tenured generation   total 87424K, used 25653K [0x0f2a0000, 0x14800000, 0x24800000)
   the space 87424K,  29% used [0x0f2a0000, 0x10bad540, 0x10bad600, 0x14800000)
 Metaspace       used 18452K, capacity 18919K, committed 19072K, reserved 19840K
}
Event: 858.247 GC heap before
{Heap before GC invocations=8 (full 1):
 def new generation   total 39424K, used 35691K [0x04800000, 0x072c0000, 0x0f2a0000)
  eden space 35072K, 100% used [0x04800000, 0x06a40000, 0x06a40000)
  from space 4352K,  14% used [0x06e80000, 0x06f1af80, 0x072c0000)
  to   space 4352K,   0% used [0x06a40000, 0x06a40000, 0x06e80000)
 tenured generation   total 87424K, used 25653K [0x0f2a0000, 0x14800000, 0x24800000)
   the space 87424K,  29% used [0x0f2a0000, 0x10bad540, 0x10bad600, 0x14800000)
 Metaspace       used 18452K, capacity 18919K, committed 19072K, reserved 19840K
Event: 858.249 GC heap after
Heap after GC invocations=9 (full 1):
 def new generation   total 39424K, used 576K [0x04800000, 0x072c0000, 0x0f2a0000)
  eden space 35072K,   0% used [0x04800000, 0x04800000, 0x06a40000)
  from space 4352K,  13% used [0x06a40000, 0x06ad03a8, 0x06e80000)
  to   space 4352K,   0% used [0x06e80000, 0x06e80000, 0x072c0000)
 tenured generation   total 87424K, used 25653K [0x0f2a0000, 0x14800000, 0x24800000)
   the space 87424K,  29% used [0x0f2a0000, 0x10bad540, 0x10bad600, 0x14800000)
 Metaspace       used 18452K, capacity 18919K, committed 19072K, reserved 19840K
}
Event: 1090.821 GC heap before
{Heap before GC invocations=9 (full 1):
 def new generation   total 39424K, used 35648K [0x04800000, 0x072c0000, 0x0f2a0000)
  eden space 35072K, 100% used [0x04800000, 0x06a40000, 0x06a40000)
  from space 4352K,  13% used [0x06a40000, 0x06ad03a8, 0x06e80000)
  to   space 4352K,   0% used [0x06e80000, 0x06e80000, 0x072c0000)
 tenured generation   total 87424K, used 25653K [0x0f2a0000, 0x14800000, 0x24800000)
   the space 87424K,  29% used [0x0f2a0000, 0x10bad540, 0x10bad600, 0x14800000)
 Metaspace       used 18452K, capacity 18919K, committed 19072K, reserved 19840K
Event: 1090.823 GC heap after
Heap after GC invocations=10 (full 1):
 def new generation   total 39424K, used 623K [0x04800000, 0x072c0000, 0x0f2a0000)
  eden space 35072K,   0% used [0x04800000, 0x04800000, 0x06a40000)
  from space 4352K,  14% used [0x06e80000, 0x06f1bcf8, 0x072c0000)
  to   space 4352K,   0% used [0x06a40000, 0x06a40000, 0x06e80000)
 tenured generation   total 87424K, used 25653K [0x0f2a0000, 0x14800000, 0x24800000)
   the space 87424K,  29% used [0x0f2a0000, 0x10bad540, 0x10bad600, 0x14800000)
 Metaspace       used 18452K, capacity 18919K, committed 19072K, reserved 19840K
}
Event: 1239.756 GC heap before
{Heap before GC invocations=10 (full 1):
 def new generation   total 39424K, used 35695K [0x04800000, 0x072c0000, 0x0f2a0000)
  eden space 35072K, 100% used [0x04800000, 0x06a40000, 0x06a40000)
  from space 4352K,  14% used [0x06e80000, 0x06f1bcf8, 0x072c0000)
  to   space 4352K,   0% used [0x06a40000, 0x06a40000, 0x06e80000)
 tenured generation   total 87424K, used 25653K [0x0f2a0000, 0x14800000, 0x24800000)
   the space 87424K,  29% used [0x0f2a0000, 0x10bad540, 0x10bad600, 0x14800000)
 Metaspace       used 18452K, capacity 18919K, committed 19072K, reserved 19840K
Event: 1239.758 GC heap after
Heap after GC invocations=11 (full 1):
 def new generation   total 39424K, used 660K [0x04800000, 0x072c0000, 0x0f2a0000)
  eden space 35072K,   0% used [0x04800000, 0x04800000, 0x06a40000)
  from space 4352K,  15% used [0x06a40000, 0x06ae5228, 0x06e80000)
  to   space 4352K,   0% used [0x06e80000, 0x06e80000, 0x072c0000)
 tenured generation   total 87424K, used 25653K [0x0f2a0000, 0x14800000, 0x24800000)
   the space 87424K,  29% used [0x0f2a0000, 0x10bad540, 0x10bad600, 0x14800000)
 Metaspace       used 18452K, capacity 18919K, committed 19072K, reserved 19840K
}
Event: 1504.434 GC heap before
{Heap before GC invocations=11 (full 1):
 def new generation   total 39424K, used 35732K [0x04800000, 0x072c0000, 0x0f2a0000)
  eden space 35072K, 100% used [0x04800000, 0x06a40000, 0x06a40000)
  from space 4352K,  15% used [0x06a40000, 0x06ae5228, 0x06e80000)
  to   space 4352K,   0% used [0x06e80000, 0x06e80000, 0x072c0000)
 tenured generation   total 87424K, used 25653K [0x0f2a0000, 0x14800000, 0x24800000)
   the space 87424K,  29% used [0x0f2a0000, 0x10bad540, 0x10bad600, 0x14800000)
 Metaspace       used 18452K, capacity 18919K, committed 19072K, reserved 19840K
Event: 1504.437 GC heap after
Heap after GC invocations=12 (full 1):
 def new generation   total 39424K, used 626K [0x04800000, 0x072c0000, 0x0f2a0000)
  eden space 35072K,   0% used [0x04800000, 0x04800000, 0x06a40000)
  from space 4352K,  14% used [0x06e80000, 0x06f1cb20, 0x072c0000)
  to   space 4352K,   0% used [0x06a40000, 0x06a40000, 0x06e80000)
 tenured generation   total 87424K, used 25653K [0x0f2a0000, 0x14800000, 0x24800000)
   the space 87424K,  29% used [0x0f2a0000, 0x10bad540, 0x10bad600, 0x14800000)
 Metaspace       used 18452K, capacity 18919K, committed 19072K, reserved 19840K
}

Deoptimization events (0 events):
No events

Internal exceptions (10 events):
Event: 65.035 Thread 0x26777800 Exception <a 'sun/nio/fs/WindowsException'> (0x067d7e20) thrown at [C:\workspace\8-2-build-windows-i586-cygwin\jdk8u92\6642\hotspot\src\share\vm\prims\jni.cpp, line 709]
Event: 65.035 Thread 0x26777800 Exception <a 'sun/nio/fs/WindowsException'> (0x067d8418) thrown at [C:\workspace\8-2-build-windows-i586-cygwin\jdk8u92\6642\hotspot\src\share\vm\prims\jni.cpp, line 709]
Event: 65.036 Thread 0x26777800 Exception <a 'sun/nio/fs/WindowsException'> (0x067e2be8) thrown at [C:\workspace\8-2-build-windows-i586-cygwin\jdk8u92\6642\hotspot\src\share\vm\prims\jni.cpp, line 709]
Event: 65.036 Thread 0x26777800 Exception <a 'sun/nio/fs/WindowsException'> (0x067e3258) thrown at [C:\workspace\8-2-build-windows-i586-cygwin\jdk8u92\6642\hotspot\src\share\vm\prims\jni.cpp, line 709]
Event: 65.037 Thread 0x26777800 Exception <a 'sun/nio/fs/WindowsException'> (0x067ed6f8) thrown at [C:\workspace\8-2-build-windows-i586-cygwin\jdk8u92\6642\hotspot\src\share\vm\prims\jni.cpp, line 709]
Event: 65.037 Thread 0x26777800 Exception <a 'sun/nio/fs/WindowsException'> (0x067edcf0) thrown at [C:\workspace\8-2-build-windows-i586-cygwin\jdk8u92\6642\hotspot\src\share\vm\prims\jni.cpp, line 709]
Event: 65.037 Thread 0x26777800 Exception <a 'sun/nio/fs/WindowsException'> (0x067f7ee8) thrown at [C:\workspace\8-2-build-windows-i586-cygwin\jdk8u92\6642\hotspot\src\share\vm\prims\jni.cpp, line 709]
Event: 65.037 Thread 0x26777800 Exception <a 'sun/nio/fs/WindowsException'> (0x067f84f0) thrown at [C:\workspace\8-2-build-windows-i586-cygwin\jdk8u92\6642\hotspot\src\share\vm\prims\jni.cpp, line 709]
Event: 65.038 Thread 0x26777800 Exception <a 'sun/nio/fs/WindowsException'> (0x068081c0) thrown at [C:\workspace\8-2-build-windows-i586-cygwin\jdk8u92\6642\hotspot\src\share\vm\prims\jni.cpp, line 709]
Event: 65.038 Thread 0x26777800 Exception <a 'sun/nio/fs/WindowsException'> (0x06808790) thrown at [C:\workspace\8-2-build-windows-i586-cygwin\jdk8u92\6642\hotspot\src\share\vm\prims\jni.cpp, line 709]

Events (10 events):
Event: 858.247 Executing VM operation: GenCollectForAllocation
Event: 858.249 Executing VM operation: GenCollectForAllocation done
Event: 949.650 Executing VM operation: BulkRevokeBias
Event: 949.651 Executing VM operation: BulkRevokeBias done
Event: 1090.821 Executing VM operation: GenCollectForAllocation
Event: 1090.823 Executing VM operation: GenCollectForAllocation done
Event: 1239.756 Executing VM operation: GenCollectForAllocation
Event: 1239.758 Executing VM operation: GenCollectForAllocation done
Event: 1504.434 Executing VM operation: GenCollectForAllocation
Event: 1504.437 Executing VM operation: GenCollectForAllocation done


Dynamic libraries:
0x00cc0000 - 0x00cf3000 	C:\Program Files (x86)\Arduino\java\bin\javaw.exe
0x76f30000 - 0x770b2000 	C:\WINDOWS\SYSTEM32\ntdll.dll
0x76e10000 - 0x76ef0000 	C:\WINDOWS\System32\KERNEL32.DLL
0x73f80000 - 0x74121000 	C:\WINDOWS\System32\KERNELBASE.dll
0x73ef0000 - 0x73f67000 	C:\WINDOWS\System32\ADVAPI32.dll
0x75c40000 - 0x75cfe000 	C:\WINDOWS\System32\msvcrt.dll
0x74310000 - 0x74351000 	C:\WINDOWS\System32\sechost.dll
0x73ab0000 - 0x73b71000 	C:\WINDOWS\System32\RPCRT4.dll
0x739f0000 - 0x73a0e000 	C:\WINDOWS\System32\SspiCli.dll
0x739e0000 - 0x739ea000 	C:\WINDOWS\System32\CRYPTBASE.dll
0x76d20000 - 0x76d7a000 	C:\WINDOWS\System32\bcryptPrimitives.dll
0x74560000 - 0x746bf000 	C:\WINDOWS\System32\USER32.dll
0x744c0000 - 0x744d5000 	C:\WINDOWS\System32\win32u.dll
0x73b80000 - 0x73bab000 	C:\WINDOWS\System32\GDI32.dll
0x74360000 - 0x744bb000 	C:\WINDOWS\System32\gdi32full.dll
0x71db0000 - 0x71fba000 	C:\WINDOWS\WinSxS\x86_microsoft.windows.common-controls_6595b64144ccf1df_6.0.14393.351_none_89c04962db040fd9\COMCTL32.dll
0x73bb0000 - 0x73dc1000 	C:\WINDOWS\System32\combase.dll
0x76720000 - 0x76800000 	C:\WINDOWS\System32\ucrtbase.dll
0x75d00000 - 0x75d25000 	C:\WINDOWS\System32\IMM32.DLL
0x68950000 - 0x68a0f000 	C:\Program Files (x86)\Arduino\java\bin\msvcr100.dll
0x68360000 - 0x6872b000 	C:\Program Files (x86)\Arduino\java\bin\client\jvm.dll
0x76530000 - 0x76536000 	C:\WINDOWS\System32\PSAPI.DLL
0x68940000 - 0x68948000 	C:\WINDOWS\SYSTEM32\WSOCK32.dll
0x72910000 - 0x72934000 	C:\WINDOWS\SYSTEM32\WINMM.dll
0x73850000 - 0x73858000 	C:\WINDOWS\SYSTEM32\VERSION.dll
0x764c0000 - 0x76523000 	C:\WINDOWS\System32\WS2_32.dll
0x727f0000 - 0x72813000 	C:\WINDOWS\SYSTEM32\WINMMBASE.dll
0x76ef0000 - 0x76f26000 	C:\WINDOWS\System32\cfgmgr32.dll
0x68900000 - 0x68931000 	C:\Program Files (x86)\Arduino\java\bin\splashscreen.dll
0x688f0000 - 0x688fc000 	C:\Program Files (x86)\Arduino\java\bin\verify.dll
0x71990000 - 0x71a05000 	C:\WINDOWS\system32\uxtheme.dll
0x688c0000 - 0x688e1000 	C:\Program Files (x86)\Arduino\java\bin\java.dll
0x75b00000 - 0x75c35000 	C:\WINDOWS\System32\MSCTF.dll
0x75eb0000 - 0x75f44000 	C:\WINDOWS\System32\OLEAUT32.dll
0x744e0000 - 0x7455b000 	C:\WINDOWS\System32\msvcp_win.dll
0x688a0000 - 0x688b3000 	C:\Program Files (x86)\Arduino\java\bin\zip.dll
0x76d10000 - 0x76d1d000 	C:\WINDOWS\System32\kernel.appcore.dll
0x74720000 - 0x75af9000 	C:\WINDOWS\System32\SHELL32.dll
0x75f50000 - 0x764be000 	C:\WINDOWS\System32\windows.storage.dll
0x76c20000 - 0x76c65000 	C:\WINDOWS\System32\powrprof.dll
0x73a60000 - 0x73aa6000 	C:\WINDOWS\System32\shlwapi.dll
0x76d80000 - 0x76e08000 	C:\WINDOWS\System32\shcore.dll
0x74190000 - 0x7419f000 	C:\WINDOWS\System32\profapi.dll
0x63e60000 - 0x63fa5000 	C:\Program Files (x86)\Arduino\java\bin\awt.dll
0x6c8d0000 - 0x6c962000 	C:\WINDOWS\SYSTEM32\apphelp.dll
0x6a9b0000 - 0x6a9cf000 	C:\WINDOWS\system32\dwmapi.dll
0x76540000 - 0x7662a000 	C:\WINDOWS\System32\ole32.dll
0x61740000 - 0x6176c000 	C:\Program Files (x86)\Arduino\lib\listSerialsj.dll
0x76800000 - 0x76c0b000 	C:\WINDOWS\System32\SETUPAPI.dll
0x72670000 - 0x72683000 	C:\WINDOWS\SYSTEM32\CRYPTSP.dll
0x72640000 - 0x7266f000 	C:\WINDOWS\system32\rsaenh.dll
0x72790000 - 0x727ab000 	C:\WINDOWS\SYSTEM32\bcrypt.dll
0x73640000 - 0x7365a000 	C:\WINDOWS\SYSTEM32\USERENV.dll
0x68880000 - 0x68896000 	C:\Program Files (x86)\Arduino\java\bin\net.dll
0x72740000 - 0x7278e000 	C:\WINDOWS\system32\mswsock.dll
0x729b0000 - 0x729df000 	C:\WINDOWS\SYSTEM32\IPHLPAPI.DLL
0x73ee0000 - 0x73ee7000 	C:\WINDOWS\System32\NSI.dll
0x725a0000 - 0x725b3000 	C:\WINDOWS\SYSTEM32\dhcpcsvc6.DLL
0x72580000 - 0x72594000 	C:\WINDOWS\SYSTEM32\dhcpcsvc.DLL
0x68870000 - 0x6887f000 	C:\Program Files (x86)\Arduino\java\bin\nio.dll
0x25e10000 - 0x25e4d000 	C:\Users\ZhangYang\AppData\Local\Temp\jna-542125229\jna9081906922717684389.dll
0x68830000 - 0x68869000 	C:\Program Files (x86)\Arduino\java\bin\fontmanager.dll
0x687f0000 - 0x68822000 	C:\Program Files (x86)\Arduino\java\bin\t2k.dll
0x6ad40000 - 0x6ad62000 	C:\WINDOWS\SYSTEM32\DEVOBJ.dll
0x73a10000 - 0x73a54000 	C:\WINDOWS\System32\WINTRUST.dll
0x73f70000 - 0x73f7e000 	C:\WINDOWS\System32\MSASN1.dll
0x75d30000 - 0x75ead000 	C:\WINDOWS\System32\CRYPT32.dll
0x72a10000 - 0x72a8c000 	C:\WINDOWS\SYSTEM32\DNSAPI.dll
0x724e0000 - 0x724e8000 	C:\Windows\System32\rasadhlp.dll
0x68780000 - 0x687e9000 	C:\Program Files (x86)\Arduino\msvcp100.dll
0x682a0000 - 0x6835e000 	C:\Program Files (x86)\Arduino\msvcr100.dll
0x277c0000 - 0x277f2000 	C:\Program Files (x86)\Arduino\lib\AStylej.dll
0x68270000 - 0x68294000 	C:\Program Files (x86)\Arduino\java\bin\dcpr.dll
0x76630000 - 0x766b4000 	C:\WINDOWS\System32\clbcatq.dll
0x62ca0000 - 0x62e0e000 	C:\WINDOWS\SYSTEM32\WindowsCodecs.dll
0x63e10000 - 0x63e54000 	C:\WINDOWS\system32\dataexchange.dll
0x63be0000 - 0x63e0f000 	C:\WINDOWS\system32\d3d11.dll
0x63ac0000 - 0x63bd3000 	C:\WINDOWS\system32\dcomp.dll
0x69fe0000 - 0x6a064000 	C:\WINDOWS\system32\dxgi.dll
0x639c0000 - 0x63ab1000 	C:\WINDOWS\system32\twinapi.appcore.dll
0x723a0000 - 0x723e9000 	C:\WINDOWS\System32\fwpuclnt.dll
0x73660000 - 0x737a5000 	C:\WINDOWS\SYSTEM32\dbghelp.dll

VM Arguments:
jvm_args: -Dsun.java2d.d3d=false -Djna.nosys=true -DAPP_DIR=C:\Program Files (x86)\Arduino -Xms128M -Xmx512M 
java_command: processing.app.Base C:\Users\ZhangYang\Desktop\arduino_ReceiveMessage_1\arduino_ReceiveMessage_1.ino
java_class_path (initial): C:\Program Files (x86)\Arduino\lib\apple.jar;C:\Program Files (x86)\Arduino\lib\arduino-core.jar;C:\Program Files (x86)\Arduino\lib\batik-1.8.jar;C:\Program Files (x86)\Arduino\lib\batik-anim-1.8.jar;C:\Program Files (x86)\Arduino\lib\batik-awt-util-1.8.jar;C:\Program Files (x86)\Arduino\lib\batik-bridge-1.8.jar;C:\Program Files (x86)\Arduino\lib\batik-codec-1.8.jar;C:\Program Files (x86)\Arduino\lib\batik-css-1.8.jar;C:\Program Files (x86)\Arduino\lib\batik-dom-1.8.jar;C:\Program Files (x86)\Arduino\lib\batik-ext-1.8.jar;C:\Program Files (x86)\Arduino\lib\batik-gvt-1.8.jar;C:\Program Files (x86)\Arduino\lib\batik-parser-1.8.jar;C:\Program Files (x86)\Arduino\lib\batik-rasterizer-1.8.jar;C:\Program Files (x86)\Arduino\lib\batik-script-1.8.jar;C:\Program Files (x86)\Arduino\lib\batik-squiggle-1.8.jar;C:\Program Files (x86)\Arduino\lib\batik-svg-dom-1.8.jar;C:\Program Files (x86)\Arduino\lib\batik-svgpp-1.8.jar;C:\Program Files (x86)\Arduino\lib\batik-transcoder-1.8.jar;C:\Program Files (x86)\Arduino\lib\batik-util-1.8.jar;C:\Program Files (x86)\Arduino\lib\batik-xml-1.8.jar;C:\Program Files (x86)\Arduino\lib\bcpg-jdk15on-152.jar;C:\Program Files (x86)\Arduino\lib\bcprov-jdk15on-152.jar;C:\Program Files (x86)\Arduino\lib\commons-codec-1.7.jar;C:\Program Files (x86)\Arduino\lib\commons-compress-1.8.jar;C:\Program Files (x86)\Arduino\lib\commons-exec-1.1.jar;C:\Program Files (x86)\Arduino\lib\commons-httpclient-3.1.jar;C:\Program Files (x86)\Arduino\lib\commons-lang3-3.3.2.jar;C:\Program Files (x86)\Arduino\lib\commons-logging-1.0.4.jar;C:\Program Files (x86)\Arduino\lib\commons-net-3.3.jar;C:\Program Files (x86)\Arduino\lib\jackson-annotations-2.6.3.jar;C:\Program Files (x86)\Arduino\lib\jackson-core-2.6.3.jar;C:\Program Files (x86)\Arduino\lib\jackson-databind-2.6.3.jar;C:\Program Files (x86)\Arduino\lib\jackson-module-mrbean-2.6.3.jar;C:\Program Files (x86)\Arduino\lib\java-semver-0.8.0.jar;C:\Program Files (x86)\Arduino\lib\jmdns-3.4.1.j
Launcher Type: SUN_STANDARD

Environment Variables:
PATH=C:\Program Files (x86)\Common Files\Intel\Shared Libraries\redist\intel64\compiler;C:\WINDOWS\system32;C:\WINDOWS;C:\WINDOWS\System32\Wbem;C:\WINDOWS\System32\WindowsPowerShell\v1.0\;C:\Program Files (x86)\NVIDIA Corporation\PhysX\Common;C:\Users\ZhangYang\AppData\Local\Microsoft\WindowsApps;;C:\Program Files (x86)\Arduino\java\bin
USERNAME=ZhangYang
OS=Windows_NT
PROCESSOR_IDENTIFIER=Intel64 Family 6 Model 94 Stepping 3, GenuineIntel



---------------  S Y S T E M  ---------------

OS: Windows 10.0 , 64 bit Build 14393 (10.0.14393.0)

CPU:total 8 (4 cores per cpu, 2 threads per core) family 6 model 94 stepping 3, cmov, cx8, fxsr, mmx, sse, sse2, sse3, ssse3, sse4.1, sse4.2, popcnt, avx, avx2, aes, clmul, erms, rtm, 3dnowpref, lzcnt, ht, tsc, tscinvbit, bmi1, bmi2, adx

Memory: 4k page, physical 16597992k(11437708k free), swap 19088360k(13542464k free)

vm_info: Java HotSpot(TM) Client VM (25.92-b14) for windows-x86 JRE (1.8.0_92-b14), built on Mar 31 2016 21:09:21 by "java_re" with MS VC++ 10.0 (VS2010)

time: Thu Nov 03 23:47:25 2016
elapsed time: 1509 seconds (0d 0h 25m 9s)

